Using pre-set license
Built from '2020.3/release' branch; Version is '2020.3.7f1 (dd97f2c94397) revision 14522354'; Using compiler version '192528614'; Build Type 'Release'
OS: 'Windows 10 Enterprise; OS build 19041.1165; Version 2004; 64bit' Language: 'en' Physical Memory: 32683 MB
BatchMode: 1, IsHumanControllingUs: 0, StartBugReporterOnCrash: 0, Is64bit: 1, IsPro: 0

 COMMAND LINE ARGUMENTS:
C:\Program Files\Unity\Editor\Unity.exe
-adb2
-batchMode
-noUpm
-name
AssetImportWorker0
-projectPath
C:/Users/brossino/Documents/Brayden_GAD_170_1
-logFile
Logs/AssetImportWorker0.log
-srvPort
50681
Successfully changed project path to: C:/Users/brossino/Documents/Brayden_GAD_170_1
C:/Users/brossino/Documents/Brayden_GAD_170_1
Using Asset Import Pipeline V2.
Refreshing native plugins compatible for Editor in 21.52 ms, found 0 plugins.
Preloading 0 native plugins for Editor in 0.00 ms.
Initialize engine version: 2020.3.7f1 (dd97f2c94397)
[Subsystems] Discovering subsystems at path C:/Program Files/Unity/Editor/Data/Resources/UnitySubsystems
[Subsystems] Discovering subsystems at path C:/Users/brossino/Documents/Brayden_GAD_170_1/Assets
GfxDevice: creating device client; threaded=0
Direct3D:
    Version:  Direct3D 11.0 [level 11.1]
    Renderer: NVIDIA GeForce GTX 980 (ID=0x13c0)
    Vendor:   
    VRAM:     4053 MB
    Driver:   30.0.14.7111
Initialize mono
Mono path[0] = 'C:/Program Files/Unity/Editor/Data/Managed'
Mono path[1] = 'C:/Program Files/Unity/Editor/Data/MonoBleedingEdge/lib/mono/unityjit'
Mono config path = 'C:/Program Files/Unity/Editor/Data/MonoBleedingEdge/etc'
Using monoOptions --debugger-agent=transport=dt_socket,embedding=1,server=y,suspend=n,address=127.0.0.1:56508
Begin MonoManager ReloadAssembly
Registering precompiled unity dll's ...
Register platform support module: C:/Program Files/Unity/Editor/Data/PlaybackEngines/WindowsStandaloneSupport/UnityEditor.WindowsStandalone.Extensions.dll
Registered in 0.002390 seconds.
Native extension for WindowsStandalone target not found
Refreshing native plugins compatible for Editor in 22.47 ms, found 0 plugins.
Preloading 0 native plugins for Editor in 0.00 ms.
Mono: successfully reloaded assembly
- Completed reload, in  1.195 seconds
Platform modules already initialized, skipping
Registering precompiled user dll's ...
Registered in 0.001307 seconds.
Begin MonoManager ReloadAssembly
Native extension for WindowsStandalone target not found
Refreshing native plugins compatible for Editor in 0.22 ms, found 0 plugins.
Preloading 0 native plugins for Editor in 0.00 ms.
Mono: successfully reloaded assembly
- Completed reload, in  0.847 seconds
Platform modules already initialized, skipping
========================================================================
Worker process is ready to serve import requests
Launched and connected shader compiler UnityShaderCompiler.exe after 0.07 seconds
Refreshing native plugins compatible for Editor in 0.41 ms, found 0 plugins.
Preloading 0 native plugins for Editor in 0.00 ms.
Unloading 1115 Unused Serialized files (Serialized files now loaded: 0)
System memory in use before: 56.9 MB.
System memory in use after: 57.0 MB.

Unloading 9 unused Assets to reduce memory usage. Loaded Objects now: 1558.
Total: 1.923200 ms (FindLiveObjects: 0.249100 ms CreateObjectMapping: 0.046200 ms MarkObjects: 1.535500 ms  DeleteObjects: 0.090700 ms)

========================================================================
Received Import Request.
  path: Assets
  artifactKey: Guid(00000000000000001000000000000000) Importer(815301076,1909f56bfc062723c751e8b465ee728b)
Start importing Assets using Guid(00000000000000001000000000000000) Importer(815301076,1909f56bfc062723c751e8b465ee728b)  -> (artifact id: '5f6a1853b736837ecfb0820a881449cb') in 0.004937 seconds
  Import took 0.006915 seconds .

========================================================================
Received Import Request.
  Time since last request: 6.833412 seconds.
  path: Assets/RacingScript.cs
  artifactKey: Guid(5caa4e907ad347f47a4ac29f3a650185) Importer(815301076,1909f56bfc062723c751e8b465ee728b)
Start importing Assets/RacingScript.cs using Guid(5caa4e907ad347f47a4ac29f3a650185) Importer(815301076,1909f56bfc062723c751e8b465ee728b)  -> (artifact id: '1240ca8105658c3ee829b882dd12e899') in 0.036663 seconds
  Import took 0.038586 seconds .

========================================================================
Received Prepare
Registering precompiled user dll's ...
Registered in 0.001180 seconds.
Begin MonoManager ReloadAssembly
Native extension for WindowsStandalone target not found
Refreshing native plugins compatible for Editor in 0.18 ms, found 0 plugins.
Preloading 0 native plugins for Editor in 0.00 ms.
Mono: successfully reloaded assembly
- Completed reload, in  0.851 seconds
Platform modules already initialized, skipping
Refreshing native plugins compatible for Editor in 0.26 ms, found 0 plugins.
Preloading 0 native plugins for Editor in 0.00 ms.
Unloading 1110 Unused Serialized files (Serialized files now loaded: 0)
System memory in use before: 56.8 MB.
System memory in use after: 56.9 MB.

Unloading 4 unused Assets to reduce memory usage. Loaded Objects now: 1562.
Total: 2.028100 ms (FindLiveObjects: 0.248200 ms CreateObjectMapping: 0.035500 ms MarkObjects: 1.727000 ms  DeleteObjects: 0.016600 ms)

========================================================================
Received Import Request.
  Time since last request: 154.843145 seconds.
  path: Assets/Test.cs
  artifactKey: Guid(e084a6faf6c8d4543ab3eebc5dca8c5f) Importer(815301076,1909f56bfc062723c751e8b465ee728b)
Start importing Assets/Test.cs using Guid(e084a6faf6c8d4543ab3eebc5dca8c5f) Importer(815301076,1909f56bfc062723c751e8b465ee728b)  -> (artifact id: 'e789937be4d9b5f5d9838045d031c6d7') in 0.006797 seconds
  Import took 0.009639 seconds .

========================================================================
Received Prepare
Registering precompiled user dll's ...
Registered in 0.001302 seconds.
Begin MonoManager ReloadAssembly
Native extension for WindowsStandalone target not found
Refreshing native plugins compatible for Editor in 0.27 ms, found 0 plugins.
Preloading 0 native plugins for Editor in 0.00 ms.
Mono: successfully reloaded assembly
- Completed reload, in  0.834 seconds
Platform modules already initialized, skipping
Refreshing native plugins compatible for Editor in 0.24 ms, found 0 plugins.
Preloading 0 native plugins for Editor in 0.00 ms.
Unloading 1111 Unused Serialized files (Serialized files now loaded: 0)
System memory in use before: 56.8 MB.
System memory in use after: 56.9 MB.

Unloading 4 unused Assets to reduce memory usage. Loaded Objects now: 1566.
Total: 2.386100 ms (FindLiveObjects: 0.323000 ms CreateObjectMapping: 0.083400 ms MarkObjects: 1.932700 ms  DeleteObjects: 0.030700 ms)

========================================================================
Received Prepare
Registering precompiled user dll's ...
Registered in 0.001431 seconds.
Begin MonoManager ReloadAssembly
Native extension for WindowsStandalone target not found
Refreshing native plugins compatible for Editor in 0.22 ms, found 0 plugins.
Preloading 0 native plugins for Editor in 0.00 ms.
Mono: successfully reloaded assembly
- Completed reload, in  0.911 seconds
Platform modules already initialized, skipping
Refreshing native plugins compatible for Editor in 0.26 ms, found 0 plugins.
Preloading 0 native plugins for Editor in 0.00 ms.
Unloading 1110 Unused Serialized files (Serialized files now loaded: 0)
System memory in use before: 56.9 MB.
System memory in use after: 57.0 MB.

Unloading 5 unused Assets to reduce memory usage. Loaded Objects now: 1568.
Total: 2.135600 ms (FindLiveObjects: 0.287000 ms CreateObjectMapping: 0.067300 ms MarkObjects: 1.757400 ms  DeleteObjects: 0.022600 ms)

========================================================================
Received Import Request.
  Time since last request: 25.636215 seconds.
  path: Assets/Racing Scipt.cs
  artifactKey: Guid(f751b61084aceaa4191bdf3c8d7ab30c) Importer(815301076,1909f56bfc062723c751e8b465ee728b)
Start importing Assets/Racing Scipt.cs using Guid(f751b61084aceaa4191bdf3c8d7ab30c) Importer(815301076,1909f56bfc062723c751e8b465ee728b)  -> (artifact id: 'c6690290912f465bf9a44f0ba0d10f0c') in 0.006215 seconds
  Import took 0.008750 seconds .

========================================================================
Received Prepare
Registering precompiled user dll's ...
Registered in 0.001502 seconds.
Begin MonoManager ReloadAssembly
Native extension for WindowsStandalone target not found
Refreshing native plugins compatible for Editor in 0.22 ms, found 0 plugins.
Preloading 0 native plugins for Editor in 0.00 ms.
Mono: successfully reloaded assembly
- Completed reload, in  0.945 seconds
Platform modules already initialized, skipping
Refreshing native plugins compatible for Editor in 0.39 ms, found 0 plugins.
Preloading 0 native plugins for Editor in 0.00 ms.
Unloading 1111 Unused Serialized files (Serialized files now loaded: 0)
System memory in use before: 56.9 MB.
System memory in use after: 57.0 MB.

Unloading 4 unused Assets to reduce memory usage. Loaded Objects now: 1572.
Total: 2.409400 ms (FindLiveObjects: 0.206100 ms CreateObjectMapping: 0.045700 ms MarkObjects: 2.128300 ms  DeleteObjects: 0.027700 ms)

========================================================================
Received Prepare
Registering precompiled user dll's ...
Registered in 0.001477 seconds.
Begin MonoManager ReloadAssembly
Native extension for WindowsStandalone target not found
Refreshing native plugins compatible for Editor in 0.18 ms, found 0 plugins.
Preloading 0 native plugins for Editor in 0.00 ms.
Mono: successfully reloaded assembly
- Completed reload, in  0.828 seconds
Platform modules already initialized, skipping
Refreshing native plugins compatible for Editor in 0.33 ms, found 0 plugins.
Preloading 0 native plugins for Editor in 0.00 ms.
Unloading 1110 Unused Serialized files (Serialized files now loaded: 0)
System memory in use before: 56.9 MB.
System memory in use after: 57.0 MB.

Unloading 5 unused Assets to reduce memory usage. Loaded Objects now: 1574.
Total: 1.894700 ms (FindLiveObjects: 0.196100 ms CreateObjectMapping: 0.057700 ms MarkObjects: 1.618100 ms  DeleteObjects: 0.021500 ms)

========================================================================
Received Import Request.
  Time since last request: 2229.346109 seconds.
  path: Assets/Racing Scipt.cs
  artifactKey: Guid(f751b61084aceaa4191bdf3c8d7ab30c) Importer(815301076,1909f56bfc062723c751e8b465ee728b)
Start importing Assets/Racing Scipt.cs using Guid(f751b61084aceaa4191bdf3c8d7ab30c) Importer(815301076,1909f56bfc062723c751e8b465ee728b)  -> (artifact id: '5a79f3d3e1677402868e11e910220389') in 0.009158 seconds
  Import took 0.012822 seconds .

========================================================================
Received Import Request.
  Time since last request: 956.904547 seconds.
  path: Assets/Breif 1.cs
  artifactKey: Guid(eb77732ec090649488c82e941ceef281) Importer(815301076,1909f56bfc062723c751e8b465ee728b)
Start importing Assets/Breif 1.cs using Guid(eb77732ec090649488c82e941ceef281) Importer(815301076,1909f56bfc062723c751e8b465ee728b)  -> (artifact id: 'df27c8e8be741213ef9e68bbed462c9d') in 0.004279 seconds
  Import took 0.007802 seconds .

========================================================================
Received Import Request.
  Time since last request: 38.999836 seconds.
  path: Assets/NewBehaviourScript.cs
  artifactKey: Guid(efebd049adf4aa14eaa04ac25411aa26) Importer(815301076,1909f56bfc062723c751e8b465ee728b)
Start importing Assets/NewBehaviourScript.cs using Guid(efebd049adf4aa14eaa04ac25411aa26) Importer(815301076,1909f56bfc062723c751e8b465ee728b)  -> (artifact id: 'b720faa0d80f038fc5c1f377db55c59f') in 0.003552 seconds
  Import took 0.006438 seconds .

========================================================================
Received Import Request.
  Time since last request: 404.215769 seconds.
  path: Assets/NewBehaviourScript.cs
  artifactKey: Guid(efebd049adf4aa14eaa04ac25411aa26) Importer(815301076,1909f56bfc062723c751e8b465ee728b)
Start importing Assets/NewBehaviourScript.cs using Guid(efebd049adf4aa14eaa04ac25411aa26) Importer(815301076,1909f56bfc062723c751e8b465ee728b)  -> (artifact id: 'c2ce1a6efa536fb19ddbfc22558377c9') in 0.004136 seconds
  Import took 0.008078 seconds .

